[INFO|trainer.py:607] 2024-04-21 18:59:55,157 >> Using auto half precision backend
[INFO|trainer.py:765] 2024-04-21 18:59:55,222 >> The following columns in the training set don't have a corresponding argument in `CamembertForSequenceClassification.forward` and have been ignored: sentence2, idx, sentence1. If sentence2, idx, sentence1 are not expected by `CamembertForSequenceClassification.forward`,  you can safely ignore this message.
[INFO|trainer.py:1969] 2024-04-21 18:59:55,227 >> ***** Running training *****
[INFO|trainer.py:1970] 2024-04-21 18:59:55,227 >>   Num examples = 3,668
[INFO|trainer.py:1971] 2024-04-21 18:59:55,227 >>   Num Epochs = 4
[INFO|trainer.py:1972] 2024-04-21 18:59:55,227 >>   Instantaneous batch size per device = 8
[INFO|trainer.py:1975] 2024-04-21 18:59:55,227 >>   Total train batch size (w. parallel, distributed & accumulation) = 8
[INFO|trainer.py:1976] 2024-04-21 18:59:55,227 >>   Gradient Accumulation steps = 1
[INFO|trainer.py:1977] 2024-04-21 18:59:55,227 >>   Total optimization steps = 1,836
[INFO|trainer.py:1978] 2024-04-21 18:59:55,228 >>   Number of trainable parameters = 110,623,490
100%|██████████| 1836/1836 [06:03<00:00,  5.90it/s][INFO|trainer.py:2231] 2024-04-21 19:05:59,007 >> 

Training completed. Do not forget to share your model on huggingface.co/models =)


100%|██████████| 1836/1836 [06:03<00:00,  5.05it/s]
[INFO|trainer.py:3203] 2024-04-21 19:05:59,029 >> Saving model checkpoint to /home/viktorija/bakalaurinis/pawsx/../models/camembert-base-finetuned-pawsx
[INFO|configuration_utils.py:471] 2024-04-21 19:05:59,029 >> Configuration saved in /home/viktorija/bakalaurinis/pawsx/../models/camembert-base-finetuned-pawsx/config.json
[INFO|modeling_utils.py:2474] 2024-04-21 19:05:59,300 >> Model weights saved in /home/viktorija/bakalaurinis/pawsx/../models/camembert-base-finetuned-pawsx/model.safetensors
[INFO|tokenization_utils_base.py:2502] 2024-04-21 19:05:59,300 >> tokenizer config file saved in /home/viktorija/bakalaurinis/pawsx/../models/camembert-base-finetuned-pawsx/tokenizer_config.json
[INFO|tokenization_utils_base.py:2511] 2024-04-21 19:05:59,300 >> Special tokens file saved in /home/viktorija/bakalaurinis/pawsx/../models/camembert-base-finetuned-pawsx/special_tokens_map.json
{'loss': 0.53, 'grad_norm': 6.394021987915039, 'learning_rate': 1.4553376906318084e-05, 'epoch': 1.09}
{'loss': 0.3861, 'grad_norm': 19.504779815673828, 'learning_rate': 9.106753812636166e-06, 'epoch': 2.18}
{'loss': 0.3167, 'grad_norm': 3.5141565799713135, 'learning_rate': 3.6601307189542484e-06, 'epoch': 3.27}
{'train_runtime': 363.7994, 'train_samples_per_second': 40.33, 'train_steps_per_second': 5.047, 'train_loss': 0.38322430446516714, 'epoch': 4.0}
***** train metrics *****
  epoch                    =        4.0
  train_loss               =     0.3832
  train_runtime            = 0:06:03.79
  train_samples            =       3668
  train_samples_per_second =      40.33
  train_steps_per_second   =      5.047
04/21/2024 19:05:59 - INFO - __main__ - *** Evaluate ***
[INFO|trainer.py:765] 2024-04-21 19:05:59,304 >> The following columns in the evaluation set don't have a corresponding argument in `CamembertForSequenceClassification.forward` and have been ignored: sentence2, idx, sentence1. If sentence2, idx, sentence1 are not expected by `CamembertForSequenceClassification.forward`,  you can safely ignore this message.
[INFO|trainer.py:3512] 2024-04-21 19:05:59,305 >> ***** Running Evaluation *****
[INFO|trainer.py:3514] 2024-04-21 19:05:59,305 >>   Num examples = 408
[INFO|trainer.py:3517] 2024-04-21 19:05:59,305 >>   Batch size = 8
100%|██████████| 51/51 [00:02<00:00, 18.11it/s]
***** eval metrics *****
  epoch                   =        4.0
  eval_accuracy           =     0.8235
  eval_combined_score     =     0.8465
  eval_f1                 =     0.8696
  eval_loss               =     0.5531
  eval_runtime            = 0:00:02.87
  eval_samples            =        408
  eval_samples_per_second =    141.903
  eval_steps_per_second   =     17.738
