Parsed args: 
Namespace(tests='sent-weat0,sent-weat0b,sent-weat1,sent-weat2,sent-weat3,sent-weat3b,sent-weat4,sent-weat4b,sent-weat5,sent-weat5b,sent-weat6', models='gottbert-base-debiased', seed=42, log_file='/home/viktorija/bakalaurinis/sent-bias/results/gottbert-base-debiased/log.log', results_path=None, ignore_cached_encs=True, dont_cache_encs=False, data_dir='/home/viktorija/bakalaurinis/sent-bias/tests/german', exp_dir='/home/viktorija/bakalaurinis/sent-bias/results/gottbert-base-debiased', n_samples=100000, parametric=False, use_cpu=False, glove_path=None, model_version='/home/viktorija/bakalaurinis/models/gottbert_debiased_v2/gottbert-base-debiased')
Tests selected:
	sent-weat0
	sent-weat0b
	sent-weat1
	sent-weat2
	sent-weat3
	sent-weat3b
	sent-weat4
	sent-weat4b
	sent-weat5
	sent-weat5b
	sent-weat6
Models selected:
	gottbert-base-debiased
Running tests for model gottbert-base-debiased
Running test sent-weat0 for model gottbert-base-debiased
Loading /home/viktorija/bakalaurinis/sent-bias/tests/german/sent-weat0.jsonl...
Computing sentence encodings
Removed 1 examples from targ1
	Done!
Saving encodings to /home/viktorija/bakalaurinis/sent-bias/results/gottbert-base-debiased/gottbert-base-debiased.sent-weat0.h5
Running SEAT...
Representation dimension: 768
Computing cosine similarities...
Null hypothesis: no difference between MaleTerms and FemaleTerms in association to attributes GrammmaticalyMale and GrammaticallyFemale
Computing pval...
Using non-parametric test
Drawing 99999 samples (and biasing by 1)
pval: 0.00069
computing effect size...
esize: 0.713971
Running test sent-weat0b for model gottbert-base-debiased
Loading /home/viktorija/bakalaurinis/sent-bias/tests/german/sent-weat0b.jsonl...
Computing sentence encodings
	Done!
Saving encodings to /home/viktorija/bakalaurinis/sent-bias/results/gottbert-base-debiased/gottbert-base-debiased.sent-weat0b.h5
Running SEAT...
Representation dimension: 768
Computing cosine similarities...
Null hypothesis: no difference between MaleNames and FemaleNames in association to attributes GrammmaticalyMale and GrammaticallyFemale
Computing pval...
Using non-parametric test
Drawing 99999 samples (and biasing by 1)
pval: 0.0563
computing effect size...
esize: 0.334738
Running test sent-weat1 for model gottbert-base-debiased
Loading /home/viktorija/bakalaurinis/sent-bias/tests/german/sent-weat1.jsonl...
Computing sentence encodings
Removed 12 examples from targ1
	Done!
Saving encodings to /home/viktorija/bakalaurinis/sent-bias/results/gottbert-base-debiased/gottbert-base-debiased.sent-weat1.h5
Running SEAT...
Representation dimension: 768
Computing cosine similarities...
Null hypothesis: no difference between Flowers and Insects in association to attributes Pleasant and Unpleasant
Computing pval...
Using non-parametric test
Drawing 99999 samples (and biasing by 1)
pval: 0.12985
computing effect size...
esize: 0.125249
Running test sent-weat2 for model gottbert-base-debiased
Loading /home/viktorija/bakalaurinis/sent-bias/tests/german/sent-weat2.jsonl...
Computing sentence encodings
Removed 6 examples from targ2
	Done!
Saving encodings to /home/viktorija/bakalaurinis/sent-bias/results/gottbert-base-debiased/gottbert-base-debiased.sent-weat2.h5
Running SEAT...
Representation dimension: 768
Computing cosine similarities...
Null hypothesis: no difference between Instruments and Weapons in association to attributes Pleasant and Unpleasant
Computing pval...
Using non-parametric test
Drawing 99999 samples (and biasing by 1)
pval: 0.74613
computing effect size...
esize: -0.074697
Running test sent-weat3 for model gottbert-base-debiased
Loading /home/viktorija/bakalaurinis/sent-bias/tests/german/sent-weat3.jsonl...
Computing sentence encodings
Removed 1 examples from targ1
	Done!
Saving encodings to /home/viktorija/bakalaurinis/sent-bias/results/gottbert-base-debiased/gottbert-base-debiased.sent-weat3.h5
Running SEAT...
Representation dimension: 768
Computing cosine similarities...
Null hypothesis: no difference between MaleTerms and FemaleTerms in association to attributes Career and Family
Computing pval...
Using non-parametric test
Drawing 99999 samples (and biasing by 1)
pval: 0.92359
computing effect size...
esize: -0.32626
Running test sent-weat3b for model gottbert-base-debiased
Loading /home/viktorija/bakalaurinis/sent-bias/tests/german/sent-weat3b.jsonl...
Computing sentence encodings
	Done!
Saving encodings to /home/viktorija/bakalaurinis/sent-bias/results/gottbert-base-debiased/gottbert-base-debiased.sent-weat3b.h5
Running SEAT...
Representation dimension: 768
Computing cosine similarities...
Null hypothesis: no difference between MaleNames and FemaleNames in association to attributes Career and Family
Computing pval...
Using non-parametric test
Drawing 99999 samples (and biasing by 1)
pval: 0.7593
computing effect size...
esize: -0.150094
Running test sent-weat4 for model gottbert-base-debiased
Loading /home/viktorija/bakalaurinis/sent-bias/tests/german/sent-weat4.jsonl...
Computing sentence encodings
	Done!
Saving encodings to /home/viktorija/bakalaurinis/sent-bias/results/gottbert-base-debiased/gottbert-base-debiased.sent-weat4.h5
Running SEAT...
Representation dimension: 768
Computing cosine similarities...
Null hypothesis: no difference between Math and Arts in association to attributes MaleTerms and FemaleTerms
Computing pval...
Using non-parametric test
Drawing 99999 samples (and biasing by 1)
pval: 0.86351
computing effect size...
esize: -0.277623
Running test sent-weat4b for model gottbert-base-debiased
Loading /home/viktorija/bakalaurinis/sent-bias/tests/german/sent-weat4b.jsonl...
Computing sentence encodings
	Done!
Saving encodings to /home/viktorija/bakalaurinis/sent-bias/results/gottbert-base-debiased/gottbert-base-debiased.sent-weat4b.h5
Running SEAT...
Representation dimension: 768
Computing cosine similarities...
Null hypothesis: no difference between Math and Arts in association to attributes MaleNames and FemaleNames
Computing pval...
Using non-parametric test
Drawing 99999 samples (and biasing by 1)
pval: 0.85878
computing effect size...
esize: -0.269309
Running test sent-weat5 for model gottbert-base-debiased
Loading /home/viktorija/bakalaurinis/sent-bias/tests/german/sent-weat5.jsonl...
Computing sentence encodings
	Done!
Saving encodings to /home/viktorija/bakalaurinis/sent-bias/results/gottbert-base-debiased/gottbert-base-debiased.sent-weat5.h5
Running SEAT...
Representation dimension: 768
Computing cosine similarities...
Null hypothesis: no difference between Science and Arts in association to attributes MaleTerms and FemaleTerms
Computing pval...
Using non-parametric test
Drawing 99999 samples (and biasing by 1)
pval: 0.52813
computing effect size...
esize: -0.0207724
Running test sent-weat5b for model gottbert-base-debiased
Loading /home/viktorija/bakalaurinis/sent-bias/tests/german/sent-weat5b.jsonl...
Computing sentence encodings
	Done!
Saving encodings to /home/viktorija/bakalaurinis/sent-bias/results/gottbert-base-debiased/gottbert-base-debiased.sent-weat5b.h5
Running SEAT...
Representation dimension: 768
Computing cosine similarities...
Null hypothesis: no difference between Science and Arts in association to attributes MaleNames and FemaleNames
Computing pval...
Using non-parametric test
Drawing 99999 samples (and biasing by 1)
pval: 0.76717
computing effect size...
esize: -0.212328
Running test sent-weat6 for model gottbert-base-debiased
Loading /home/viktorija/bakalaurinis/sent-bias/tests/german/sent-weat6.jsonl...
Computing sentence encodings
Removed 1 examples from targ1
	Done!
Saving encodings to /home/viktorija/bakalaurinis/sent-bias/results/gottbert-base-debiased/gottbert-base-debiased.sent-weat6.h5
Running SEAT...
Representation dimension: 768
Computing cosine similarities...
Null hypothesis: no difference between MentalDisease and PhysicalDisease in association to attributes Temporary and Permanent
Computing pval...
Using non-parametric test
Drawing 99999 samples (and biasing by 1)
pval: 0.95887
computing effect size...
esize: -0.741189
Model: gottbert-base-debiased
Options: version=/home/viktorija/bakalaurinis/models/gottbert_debiased_v2/gottbert-base-debiased
	Test sent-weat0:	p-val: 0.000690000	esize: 0.71
	Test sent-weat0b:	p-val: 0.056300000	esize: 0.33
	Test sent-weat1:	p-val: 0.129850000	esize: 0.13
	Test sent-weat2:	p-val: 0.746130000	esize: -0.07
	Test sent-weat3:	p-val: 0.923590000	esize: -0.33
	Test sent-weat3b:	p-val: 0.759300000	esize: -0.15
	Test sent-weat4:	p-val: 0.863510000	esize: -0.28
	Test sent-weat4b:	p-val: 0.858780000	esize: -0.27
	Test sent-weat5:	p-val: 0.528130000	esize: -0.02
	Test sent-weat5b:	p-val: 0.767170000	esize: -0.21
	Test sent-weat6:	p-val: 0.958870000	esize: -0.74
